New log file opened at Sat Dec 26 21:44:21 JST 2015 by 792@arisa-PC
jvm 792@arisa-PC
jvm vmName=Java HotSpot(TM) 64-Bit Server VM vmVendor=Oracle Corporation vmVersion=25.65-b01
jvm specName=Java Virtual Machine Specification specVendor=Oracle Corporation specVersion=1.8
jvm arguments: [-Xms256m, -Xmx1024m, -XX:MetaspaceSize=64m, -XX:MaxMetaspaceSize=256m]
Starting event engine
Starting sbt command engine
Waiting for sbt command engine
Command engine arguments=List()
Command engine baseDirectory=D:\repo\play-test
Command engine initial remaining commands List(--initialize, onFailure load-failed, boot, server-send-ready-for-request, server-handle-next-server-request)
> --initialize
> initialize
> onFailure load-failed
> boot
> reload
[Loading] Scanning directory D:\repo\play-test\project
[Loading] Found non-root projects 
[Loading] Done in D:\repo\play-test\project, returning: ()
deducing auto plugins based on known facts Set(Atom(sbt.plugins.CorePlugin)) and clauses Clauses(List(Clause(Atom(sbt.plugins.JvmPlugin),Set(Atom(sbt.plugins.IvyPlugin))), Clause(Atom(sbt.plugins.JUnitXmlReportPlugin),Set(Atom(sbt.plugins.JvmPlugin))), Clause(Atom(sbt.plugins.CorePlugin),Set(Atom(sbt.plugins.IvyPlugin))), Clause(Atom(sbt.plugins.IvyPlugin),Set(Atom(sbt.plugins.JvmPlugin))), Clause(Atom(sbt.plugins.JvmPlugin),Set(Atom(sbt.plugins.JUnitXmlReportPlugin)))))
  :: deduced result: Matched(sbt.plugins.CorePlugin,sbt.plugins.IvyPlugin,sbt.plugins.JvmPlugin,sbt.plugins.JUnitXmlReportPlugin)
sorting: ns: List(sbt.plugins.CorePlugin, sbt.plugins.IvyPlugin, sbt.plugins.JvmPlugin, sbt.plugins.JUnitXmlReportPlugin)
  :: sorting:: found: List(sbt.plugins.CorePlugin) not found List(sbt.plugins.IvyPlugin, sbt.plugins.JvmPlugin, sbt.plugins.JUnitXmlReportPlugin)
  :: sorting:: found: List(sbt.plugins.CorePlugin, sbt.plugins.IvyPlugin) not found List(sbt.plugins.JvmPlugin, sbt.plugins.JUnitXmlReportPlugin)
  :: sorting:: found: List(sbt.plugins.CorePlugin, sbt.plugins.IvyPlugin, sbt.plugins.JvmPlugin) not found List(sbt.plugins.JUnitXmlReportPlugin)
  :: sorting:: found: List(sbt.plugins.CorePlugin, sbt.plugins.IvyPlugin, sbt.plugins.JvmPlugin, sbt.plugins.JUnitXmlReportPlugin) not found List()
  :: sorted deduced result: List(sbt.plugins.CorePlugin, sbt.plugins.IvyPlugin, sbt.plugins.JvmPlugin, sbt.plugins.JUnitXmlReportPlugin)
[Loading] Done in D:\repo\play-test\project, returning: (play-test-build)
Loading project definition from D:\repo\play-test\project
Running task... Cancel: sbt.TaskCancellationStrategy$Null$@46ade3de, check cycles: false
[info] Updating {file:/D:/repo/play-test/project/}play-test-build...
Updating {file:/D:/repo/play-test/project/}play-test-build...
Other repositories:
Default repositories:
Using inline dependencies specified in Scala.
:: resolving dependencies :: default#play-test-build;0.1-SNAPSHOT
	confs: [compile, runtime, test, provided, optional, compile-internal, runtime-internal, test-internal, plugin, sources, docs, pom, scala-tool]
	validate = true
	refresh = false
resolving dependencies for configuration 'compile'
== resolving dependencies for default#play-test-build;0.1-SNAPSHOT [compile]
== resolving dependencies default#play-test-build;0.1-SNAPSHOT->com.typesafe.play#sbt-plugin;2.4.6 [compile->default(compile)]
[info] Resolving com.typesafe.play#sbt-plugin;2.4.6 ...
Resolving com.typesafe.play#sbt-plugin;2.4.6 ...
sbt-chain: Checking cache for: dependency: com.typesafe.play#sbt-plugin;2.4.6 {compile=[default(compile)]}
[info] Resolving com.typesafe.play#sbt-plugin;2.4.6 ...
Resolving com.typesafe.play#sbt-plugin;2.4.6 ...
sbt-chain-delegate: Checking cache for: dependency: com.typesafe.play#sbt-plugin;2.4.6 {compile=[default(compile)]}
		tried https://repo.typesafe.com/typesafe/ivy-releases/com.typesafe.play/sbt-plugin/scala_2.10/sbt_0.13/2.4.6/ivys/ivy.xml
CLIENT ERROR: Not Found url=https://repo.typesafe.com/typesafe/ivy-releases/com.typesafe.play/sbt-plugin/scala_2.10/sbt_0.13/2.4.6/ivys/ivy.xml
	typesafe-ivy-releases: no ivy file found for com.typesafe.play#sbt-plugin;2.4.6
		tried https://repo.scala-sbt.org/scalasbt/sbt-plugin-releases/com.typesafe.play/sbt-plugin/scala_2.10/sbt_0.13/2.4.6/ivys/ivy.xml
	sbt-plugin-releases: found md file for com.typesafe.play#sbt-plugin;2.4.6
		=> https://repo.scala-sbt.org/scalasbt/sbt-plugin-releases/com.typesafe.play/sbt-plugin/scala_2.10/sbt_0.13/2.4.6/ivys/ivy.xml (2.4.6)
downloading https://repo.scala-sbt.org/scalasbt/sbt-plugin-releases/com.typesafe.play/sbt-plugin/scala_2.10/sbt_0.13/2.4.6/ivys/ivy.xml ...
	sbt-plugin-releases: downloading https://repo.scala-sbt.org/scalasbt/sbt-plugin-releases/com.typesafe.play/sbt-plugin/scala_2.10/sbt_0.13/2.4.6/ivys/ivy.xml
	sbt-plugin-releases: downloading https://repo.scala-sbt.org/scalasbt/sbt-plugin-releases/com.typesafe.play/sbt-plugin/scala_2.10/sbt_0.13/2.4.6/ivys/ivy.xml.sha1
sha1 OK for https://repo.scala-sbt.org/scalasbt/sbt-plugin-releases/com.typesafe.play/sbt-plugin/scala_2.10/sbt_0.13/2.4.6/ivys/ivy.xml
	[SUCCESSFUL ] com.typesafe.play#sbt-plugin;2.4.6!ivy.xml(ivy.original) (3058ms)
	found com.typesafe.play#sbt-plugin;2.4.6 in sbt-plugin-releases
== resolving dependencies com.typesafe.play#sbt-plugin;2.4.6->com.typesafe.play#sbt-routes-compiler_2.10;2.4.6 [compile->default(compile)]
[info] Resolving com.typesafe.play#sbt-routes-compiler_2.10;2.4.6 ...
Resolving com.typesafe.play#sbt-routes-compiler_2.10;2.4.6 ...
sbt-chain: Checking cache for: dependency: com.typesafe.play#sbt-routes-compiler_2.10;2.4.6 {compile=[default(compile)]}
[info] Resolving com.typesafe.play#sbt-routes-compiler_2.10;2.4.6 ...
Resolving com.typesafe.play#sbt-routes-compiler_2.10;2.4.6 ...
sbt-chain-delegate: Checking cache for: dependency: com.typesafe.play#sbt-routes-compiler_2.10;2.4.6 {compile=[default(compile)]}
		tried https://repo.typesafe.com/typesafe/ivy-releases/com.typesafe.play/sbt-routes-compiler_2.10/2.4.6/ivys/ivy.xml
CLIENT ERROR: Not Found url=https://repo.typesafe.com/typesafe/ivy-releases/com.typesafe.play/sbt-routes-compiler_2.10/2.4.6/ivys/ivy.xml
	typesafe-ivy-releases: no ivy file found for com.typesafe.play#sbt-routes-compiler_2.10;2.4.6
		tried https://repo.scala-sbt.org/scalasbt/sbt-plugin-releases/com.typesafe.play/sbt-routes-compiler_2.10/2.4.6/ivys/ivy.xml
CLIENT ERROR: Not Found url=https://repo.scala-sbt.org/scalasbt/sbt-plugin-releases/com.typesafe.play/sbt-routes-compiler_2.10/2.4.6/ivys/ivy.xml
	sbt-plugin-releases: no ivy file found for com.typesafe.play#sbt-routes-compiler_2.10;2.4.6
		tried C:\Users\arisa\.ivy2\local\com.typesafe.play\sbt-routes-compiler_2.10\2.4.6\ivys\ivy.xml
	local: no ivy file found for com.typesafe.play#sbt-routes-compiler_2.10;2.4.6
		tried https://repo1.maven.org/maven2/com/typesafe/play/sbt-routes-compiler_2.10/2.4.6/sbt-routes-compiler_2.10-2.4.6.pom
	public: found md file for com.typesafe.play#sbt-routes-compiler_2.10;2.4.6
		=> https://repo1.maven.org/maven2/com/typesafe/play/sbt-routes-compiler_2.10/2.4.6/sbt-routes-compiler_2.10-2.4.6.pom (2.4.6)
downloading https://repo1.maven.org/maven2/com/typesafe/play/sbt-routes-compiler_2.10/2.4.6/sbt-routes-compiler_2.10-2.4.6.pom ...
	public: downloading https://repo1.maven.org/maven2/com/typesafe/play/sbt-routes-compiler_2.10/2.4.6/sbt-routes-compiler_2.10-2.4.6.pom
	public: downloading https://repo1.maven.org/maven2/com/typesafe/play/sbt-routes-compiler_2.10/2.4.6/sbt-routes-compiler_2.10-2.4.6.pom.sha1
sha1 OK for https://repo1.maven.org/maven2/com/typesafe/play/sbt-routes-compiler_2.10/2.4.6/sbt-routes-compiler_2.10-2.4.6.pom
	[SUCCESSFUL ] com.typesafe.play#sbt-routes-compiler_2.10;2.4.6!sbt-routes-compiler_2.10.pom(pom.original) (614ms)
		tried https://repo.typesafe.com/typesafe/ivy-releases/com.typesafe.play/sbt-routes-compiler_2.10/2.4.6/jars/sbt-routes-compiler_2.10.jar
CLIENT ERROR: Not Found url=https://repo.typesafe.com/typesafe/ivy-releases/com.typesafe.play/sbt-routes-compiler_2.10/2.4.6/jars/sbt-routes-compiler_2.10.jar
		tried https://repo.scala-sbt.org/scalasbt/sbt-plugin-releases/com.typesafe.play/sbt-routes-compiler_2.10/2.4.6/jars/sbt-routes-compiler_2.10.jar
CLIENT ERROR: Not Found url=https://repo.scala-sbt.org/scalasbt/sbt-plugin-releases/com.typesafe.play/sbt-routes-compiler_2.10/2.4.6/jars/sbt-routes-compiler_2.10.jar
		tried C:\Users\arisa\.ivy2\local\com.typesafe.play\sbt-routes-compiler_2.10\2.4.6\jars\sbt-routes-compiler_2.10.jar
		tried https://repo1.maven.org/maven2/com/typesafe/play/sbt-routes-compiler_2.10/2.4.6/sbt-routes-compiler_2.10-2.4.6.jar
	found com.typesafe.play#sbt-routes-compiler_2.10;2.4.6 in public
== resolving dependencies com.typesafe.play#sbt-plugin;2.4.6->com.typesafe.play#sbt-routes-compiler_2.10;2.4.6 [compile->runtime]
== resolving dependencies com.typesafe.play#sbt-plugin;2.4.6->com.typesafe.play#sbt-routes-compiler_2.10;2.4.6 [compile->compile]
== resolving dependencies com.typesafe.play#sbt-routes-compiler_2.10;2.4.6->org.scala-lang#scala-library;2.10.4 [compile->master(compile)]
[info] Resolving org.scala-lang#scala-library;2.10.4 ...
Resolving org.scala-lang#scala-library;2.10.4 ...
sbt-chain: Checking cache for: dependency: org.scala-lang#scala-library;2.10.4 {compile=[compile(*), master(compile)], runtime=[runtime(*)]}
sbt-chain: module revision found in cache: org.scala-lang#scala-library;2.10.4
	found org.scala-lang#scala-library;2.10.4 in sbt-chain
	[2.10.4] org.scala-lang#scala-library;2.10.4
== resolving dependencies com.typesafe.play#sbt-routes-compiler_2.10;2.4.6->org.scala-lang#scala-library;2.10.4 [compile->compile(*)]
== resolving dependencies com.typesafe.play#sbt-routes-compiler_2.10;2.4.6->org.scala-lang#scala-library;2.10.4 [compile->runtime(*)]
== resolving dependencies com.typesafe.play#sbt-routes-compiler_2.10;2.4.6->org.scala-lang#scala-library;2.10.4 [compile->compile]
== resolving dependencies com.typesafe.play#sbt-routes-compiler_2.10;2.4.6->com.typesafe.play#twirl-api_2.10;1.1.1 [compile->master(compile)]
[info] Resolving com.typesafe.play#twirl-api_2.10;1.1.1 ...
Resolving com.typesafe.play#twirl-api_2.10;1.1.1 ...
sbt-chain: Checking cache for: dependency: com.typesafe.play#twirl-api_2.10;1.1.1 {compile=[compile(*), master(compile)], runtime=[runtime(*)]}
[info] Resolving com.typesafe.play#twirl-api_2.10;1.1.1 ...
Resolving com.typesafe.play#twirl-api_2.10;1.1.1 ...
sbt-chain-delegate: Checking cache for: dependency: com.typesafe.play#twirl-api_2.10;1.1.1 {compile=[compile(*), master(compile)], runtime=[runtime(*)]}
		tried https://repo.typesafe.com/typesafe/ivy-releases/com.typesafe.play/twirl-api_2.10/1.1.1/ivys/ivy.xml
CLIENT ERROR: Not Found url=https://repo.typesafe.com/typesafe/ivy-releases/com.typesafe.play/twirl-api_2.10/1.1.1/ivys/ivy.xml
	typesafe-ivy-releases: no ivy file found for com.typesafe.play#twirl-api_2.10;1.1.1
		tried https://repo.scala-sbt.org/scalasbt/sbt-plugin-releases/com.typesafe.play/twirl-api_2.10/1.1.1/ivys/ivy.xml
CLIENT ERROR: Not Found url=https://repo.scala-sbt.org/scalasbt/sbt-plugin-releases/com.typesafe.play/twirl-api_2.10/1.1.1/ivys/ivy.xml
	sbt-plugin-releases: no ivy file found for com.typesafe.play#twirl-api_2.10;1.1.1
		tried C:\Users\arisa\.ivy2\local\com.typesafe.play\twirl-api_2.10\1.1.1\ivys\ivy.xml
	local: no ivy file found for com.typesafe.play#twirl-api_2.10;1.1.1
		tried https://repo1.maven.org/maven2/com/typesafe/play/twirl-api_2.10/1.1.1/twirl-api_2.10-1.1.1.pom
	public: found md file for com.typesafe.play#twirl-api_2.10;1.1.1
		=> https://repo1.maven.org/maven2/com/typesafe/play/twirl-api_2.10/1.1.1/twirl-api_2.10-1.1.1.pom (1.1.1)
downloading https://repo1.maven.org/maven2/com/typesafe/play/twirl-api_2.10/1.1.1/twirl-api_2.10-1.1.1.pom ...
	public: downloading https://repo1.maven.org/maven2/com/typesafe/play/twirl-api_2.10/1.1.1/twirl-api_2.10-1.1.1.pom
	public: downloading https://repo1.maven.org/maven2/com/typesafe/play/twirl-api_2.10/1.1.1/twirl-api_2.10-1.1.1.pom.sha1
sha1 OK for https://repo1.maven.org/maven2/com/typesafe/play/twirl-api_2.10/1.1.1/twirl-api_2.10-1.1.1.pom
	[SUCCESSFUL ] com.typesafe.play#twirl-api_2.10;1.1.1!twirl-api_2.10.pom(pom.original) (570ms)
		tried https://repo.typesafe.com/typesafe/ivy-releases/com.typesafe.play/twirl-api_2.10/1.1.1/jars/twirl-api_2.10.jar
CLIENT ERROR: Not Found url=https://repo.typesafe.com/typesafe/ivy-releases/com.typesafe.play/twirl-api_2.10/1.1.1/jars/twirl-api_2.10.jar
		tried https://repo.scala-sbt.org/scalasbt/sbt-plugin-releases/com.typesafe.play/twirl-api_2.10/1.1.1/jars/twirl-api_2.10.jar
CLIENT ERROR: Not Found url=https://repo.scala-sbt.org/scalasbt/sbt-plugin-releases/com.typesafe.play/twirl-api_2.10/1.1.1/jars/twirl-api_2.10.jar
		tried C:\Users\arisa\.ivy2\local\com.typesafe.play\twirl-api_2.10\1.1.1\jars\twirl-api_2.10.jar
		tried https://repo1.maven.org/maven2/com/typesafe/play/twirl-api_2.10/1.1.1/twirl-api_2.10-1.1.1.jar
	found com.typesafe.play#twirl-api_2.10;1.1.1 in public
dependency descriptor has been mediated: dependency: org.scala-lang#scala-library;2.10.5 {compile=[compile(*), master(compile)], runtime=[runtime(*)]} => dependency: org.scala-lang#scala-library;2.10.4 {compile=[compile(*), master(compile)], runtime=[runtime(*)]}
== resolving dependencies com.typesafe.play#sbt-routes-compiler_2.10;2.4.6->com.typesafe.play#twirl-api_2.10;1.1.1 [compile->compile(*)]
dependency descriptor has been mediated: dependency: org.scala-lang#scala-library;2.10.5 {compile=[compile(*), master(compile)], runtime=[runtime(*)]} => dependency: org.scala-lang#scala-library;2.10.4 {compile=[compile(*), master(compile)], runtime=[runtime(*)]}
== resolving dependencies com.typesafe.play#twirl-api_2.10;1.1.1->org.scala-lang#scala-library;2.10.4 [compile->master(compile)]
dependency descriptor has been mediated: dependency: org.scala-lang#scala-library;2.10.5 {compile=[compile(*), master(compile)], runtime=[runtime(*)]} => dependency: org.scala-lang#scala-library;2.10.4 {compile=[compile(*), master(compile)], runtime=[runtime(*)]}
dependency descriptor has been mediated: dependency: org.scala-lang#scala-library;2.10.5 {compile=[compile(*), master(compile)], runtime=[runtime(*)]} => dependency: org.scala-lang#scala-library;2.10.4 {compile=[compile(*), master(compile)], runtime=[runtime(*)]}
dependency descriptor has been mediated: dependency: org.scala-lang#scala-library;2.10.5 {compile=[compile(*), master(compile)], runtime=[runtime(*)]} => dependency: org.scala-lang#scala-library;2.10.4 {compile=[compile(*), master(compile)], runtime=[runtime(*)]}
dependency descriptor has been mediated: dependency: org.scala-lang#scala-library;2.10.5 {compile=[compile(*), master(compile)], runtime=[runtime(*)]} => dependency: org.scala-lang#scala-library;2.10.4 {compile=[compile(*), master(compile)], runtime=[runtime(*)]}
dependency descriptor has been mediated: dependency: org.scala-lang#scala-library;2.10.5 {compile=[compile(*), master(compile)], runtime=[runtime(*)]} => dependency: org.scala-lang#scala-library;2.10.4 {compile=[compile(*), master(compile)], runtime=[runtime(*)]}
== resolving dependencies com.typesafe.play#twirl-api_2.10;1.1.1->org.scala-lang#scala-library;2.10.4 [compile->compile(*)]
== resolving dependencies com.typesafe.play#twirl-api_2.10;1.1.1->org.apache.commons#commons-lang3;3.4 [compile->master(compile)]
dependency descriptor has been mediated: dependency: org.scala-lang#scala-library;2.10.5 {compile=[compile(*), master(compile)], runtime=[runtime(*)]} => dependency: org.scala-lang#scala-library;2.10.4 {compile=[compile(*), master(compile)], runtime=[runtime(*)]}
dependency descriptor has been mediated: dependency: org.scala-lang#scala-library;2.10.5 {compile=[compile(*), master(compile)], runtime=[runtime(*)]} => dependency: org.scala-lang#scala-library;2.10.4 {compile=[compile(*), master(compile)], runtime=[runtime(*)]}
dependency descriptor has been mediated: dependency: org.scala-lang#scala-library;2.10.5 {compile=[compile(*), master(compile)], runtime=[runtime(*)]} => dependency: org.scala-lang#scala-library;2.10.4 {compile=[compile(*), master(compile)], runtime=[runtime(*)]}
dependency descriptor has been mediated: dependency: org.scala-lang#scala-library;2.10.5 {compile=[compile(*), master(compile)], runtime=[runtime(*)]} => dependency: org.scala-lang#scala-library;2.10.4 {compile=[compile(*), master(compile)], runtime=[runtime(*)]}
dependency descriptor has been mediated: dependency: org.scala-lang#scala-library;2.10.5 {compile=[compile(*), master(compile)], runtime=[runtime(*)]} => dependency: org.scala-lang#scala-library;2.10.4 {compile=[compile(*), master(compile)], runtime=[runtime(*)]}
[info] Resolving org.apache.commons#commons-lang3;3.4 ...
Resolving org.apache.commons#commons-lang3;3.4 ...
sbt-chain: Checking cache for: dependency: org.apache.commons#commons-lang3;3.4 {compile=[compile(*), master(compile)], runtime=[runtime(*)]}
[info] Resolving org.apache.commons#commons-lang3;3.4 ...
Resolving org.apache.commons#commons-lang3;3.4 ...
sbt-chain-delegate: Checking cache for: dependency: org.apache.commons#commons-lang3;3.4 {compile=[compile(*), master(compile)], runtime=[runtime(*)]}
		tried https://repo.typesafe.com/typesafe/ivy-releases/org.apache.commons/commons-lang3/3.4/ivys/ivy.xml
CLIENT ERROR: Not Found url=https://repo.typesafe.com/typesafe/ivy-releases/org.apache.commons/commons-lang3/3.4/ivys/ivy.xml
	typesafe-ivy-releases: no ivy file found for org.apache.commons#commons-lang3;3.4
		tried https://repo.scala-sbt.org/scalasbt/sbt-plugin-releases/org.apache.commons/commons-lang3/3.4/ivys/ivy.xml
CLIENT ERROR: Not Found url=https://repo.scala-sbt.org/scalasbt/sbt-plugin-releases/org.apache.commons/commons-lang3/3.4/ivys/ivy.xml
	sbt-plugin-releases: no ivy file found for org.apache.commons#commons-lang3;3.4
		tried C:\Users\arisa\.ivy2\local\org.apache.commons\commons-lang3\3.4\ivys\ivy.xml
	local: no ivy file found for org.apache.commons#commons-lang3;3.4
		tried https://repo1.maven.org/maven2/org/apache/commons/commons-lang3/3.4/commons-lang3-3.4.pom
	public: found md file for org.apache.commons#commons-lang3;3.4
		=> https://repo1.maven.org/maven2/org/apache/commons/commons-lang3/3.4/commons-lang3-3.4.pom (3.4)
downloading https://repo1.maven.org/maven2/org/apache/commons/commons-lang3/3.4/commons-lang3-3.4.pom ...
	public: downloading https://repo1.maven.org/maven2/org/apache/commons/commons-lang3/3.4/commons-lang3-3.4.pom
	public: downloading https://repo1.maven.org/maven2/org/apache/commons/commons-lang3/3.4/commons-lang3-3.4.pom.sha1
sha1 OK for https://repo1.maven.org/maven2/org/apache/commons/commons-lang3/3.4/commons-lang3-3.4.pom
	[SUCCESSFUL ] org.apache.commons#commons-lang3;3.4!commons-lang3.pom(pom.original) (716ms)
[info] Resolving org.apache.commons#commons-parent;37 ...
Resolving org.apache.commons#commons-parent;37 ...
sbt-chain: Checking cache for: dependency: org.apache.commons#commons-parent;37 {}
[info] Resolving org.apache.commons#commons-parent;37 ...
Resolving org.apache.commons#commons-parent;37 ...
sbt-chain-delegate: Checking cache for: dependency: org.apache.commons#commons-parent;37 {}
		tried https://repo.typesafe.com/typesafe/ivy-releases/org.apache.commons/commons-parent/37/ivys/ivy.xml
CLIENT ERROR: Not Found url=https://repo.typesafe.com/typesafe/ivy-releases/org.apache.commons/commons-parent/37/ivys/ivy.xml
	typesafe-ivy-releases: no ivy file found for org.apache.commons#commons-parent;37
		tried https://repo.scala-sbt.org/scalasbt/sbt-plugin-releases/org.apache.commons/commons-parent/37/ivys/ivy.xml
CLIENT ERROR: Not Found url=https://repo.scala-sbt.org/scalasbt/sbt-plugin-releases/org.apache.commons/commons-parent/37/ivys/ivy.xml
	sbt-plugin-releases: no ivy file found for org.apache.commons#commons-parent;37
		tried C:\Users\arisa\.ivy2\local\org.apache.commons\commons-parent\37\ivys\ivy.xml
	local: no ivy file found for org.apache.commons#commons-parent;37
		tried https://repo1.maven.org/maven2/org/apache/commons/commons-parent/37/commons-parent-37.pom
	public: found md file for org.apache.commons#commons-parent;37
		=> https://repo1.maven.org/maven2/org/apache/commons/commons-parent/37/commons-parent-37.pom (37)
downloading https://repo1.maven.org/maven2/org/apache/commons/commons-parent/37/commons-parent-37.pom ...
	public: downloading https://repo1.maven.org/maven2/org/apache/commons/commons-parent/37/commons-parent-37.pom
	public: downloading https://repo1.maven.org/maven2/org/apache/commons/commons-parent/37/commons-parent-37.pom.sha1
sha1 OK for https://repo1.maven.org/maven2/org/apache/commons/commons-parent/37/commons-parent-37.pom
	[SUCCESSFUL ] org.apache.commons#commons-parent;37!commons-parent.pom(pom.original) (887ms)
[info] Resolving org.apache#apache;16 ...
Resolving org.apache#apache;16 ...
sbt-chain: Checking cache for: dependency: org.apache#apache;16 {}
[info] Resolving org.apache#apache;16 ...
Resolving org.apache#apache;16 ...
sbt-chain-delegate: Checking cache for: dependency: org.apache#apache;16 {}
		tried https://repo.typesafe.com/typesafe/ivy-releases/org.apache/apache/16/ivys/ivy.xml
CLIENT ERROR: Not Found url=https://repo.typesafe.com/typesafe/ivy-releases/org.apache/apache/16/ivys/ivy.xml
	typesafe-ivy-releases: no ivy file found for org.apache#apache;16
		tried https://repo.scala-sbt.org/scalasbt/sbt-plugin-releases/org.apache/apache/16/ivys/ivy.xml
CLIENT ERROR: Not Found url=https://repo.scala-sbt.org/scalasbt/sbt-plugin-releases/org.apache/apache/16/ivys/ivy.xml
	sbt-plugin-releases: no ivy file found for org.apache#apache;16
		tried C:\Users\arisa\.ivy2\local\org.apache\apache\16\ivys\ivy.xml
	local: no ivy file found for org.apache#apache;16
		tried https://repo1.maven.org/maven2/org/apache/apache/16/apache-16.pom
	public: found md file for org.apache#apache;16
		=> https://repo1.maven.org/maven2/org/apache/apache/16/apache-16.pom (16)
downloading https://repo1.maven.org/maven2/org/apache/apache/16/apache-16.pom ...
	public: downloading https://repo1.maven.org/maven2/org/apache/apache/16/apache-16.pom
	public: downloading https://repo1.maven.org/maven2/org/apache/apache/16/apache-16.pom.sha1
sha1 OK for https://repo1.maven.org/maven2/org/apache/apache/16/apache-16.pom
	[SUCCESSFUL ] org.apache#apache;16!apache.pom(pom.original) (655ms)
		tried https://repo.typesafe.com/typesafe/ivy-releases/org.apache/apache/16/jars/apache.jar
CLIENT ERROR: Not Found url=https://repo.typesafe.com/typesafe/ivy-releases/org.apache/apache/16/jars/apache.jar
		tried https://repo.scala-sbt.org/scalasbt/sbt-plugin-releases/org.apache/apache/16/jars/apache.jar
CLIENT ERROR: Not Found url=https://repo.scala-sbt.org/scalasbt/sbt-plugin-releases/org.apache/apache/16/jars/apache.jar
		tried C:\Users\arisa\.ivy2\local\org.apache\apache\16\jars\apache.jar
		tried https://repo1.maven.org/maven2/org/apache/apache/16/apache-16.jar
CLIENT ERROR: Not Found url=https://repo1.maven.org/maven2/org/apache/apache/16/apache-16.jar
		tried http://repo.typesafe.com/typesafe/releases/org/apache/apache/16/apache-16.jar
CLIENT ERROR: Not Found url=http://repo.typesafe.com/typesafe/releases/org/apache/apache/16/apache-16.jar
		tried http://repo.typesafe.com/typesafe/ivy-releases/org.apache/apache/16/jars/apache.jar
CLIENT ERROR: Not Found url=http://repo.typesafe.com/typesafe/ivy-releases/org.apache/apache/16/jars/apache.jar
		tried https://repo.typesafe.com/typesafe/ivy-releases/org.apache.commons/commons-parent/37/jars/commons-parent.jar
CLIENT ERROR: Not Found url=https://repo.typesafe.com/typesafe/ivy-releases/org.apache.commons/commons-parent/37/jars/commons-parent.jar
		tried https://repo.scala-sbt.org/scalasbt/sbt-plugin-releases/org.apache.commons/commons-parent/37/jars/commons-parent.jar
CLIENT ERROR: Not Found url=https://repo.scala-sbt.org/scalasbt/sbt-plugin-releases/org.apache.commons/commons-parent/37/jars/commons-parent.jar
		tried C:\Users\arisa\.ivy2\local\org.apache.commons\commons-parent\37\jars\commons-parent.jar
		tried https://repo1.maven.org/maven2/org/apache/commons/commons-parent/37/commons-parent-37.jar
CLIENT ERROR: Not Found url=https://repo1.maven.org/maven2/org/apache/commons/commons-parent/37/commons-parent-37.jar
		tried http://repo.typesafe.com/typesafe/releases/org/apache/commons/commons-parent/37/commons-parent-37.jar
CLIENT ERROR: Not Found url=http://repo.typesafe.com/typesafe/releases/org/apache/commons/commons-parent/37/commons-parent-37.jar
		tried http://repo.typesafe.com/typesafe/ivy-releases/org.apache.commons/commons-parent/37/jars/commons-parent.jar
CLIENT ERROR: Not Found url=http://repo.typesafe.com/typesafe/ivy-releases/org.apache.commons/commons-parent/37/jars/commons-parent.jar
		tried https://repo.typesafe.com/typesafe/ivy-releases/org.apache.commons/commons-lang3/3.4/jars/commons-lang3.jar
CLIENT ERROR: Not Found url=https://repo.typesafe.com/typesafe/ivy-releases/org.apache.commons/commons-lang3/3.4/jars/commons-lang3.jar
		tried https://repo.scala-sbt.org/scalasbt/sbt-plugin-releases/org.apache.commons/commons-lang3/3.4/jars/commons-lang3.jar
CLIENT ERROR: Not Found url=https://repo.scala-sbt.org/scalasbt/sbt-plugin-releases/org.apache.commons/commons-lang3/3.4/jars/commons-lang3.jar
		tried C:\Users\arisa\.ivy2\local\org.apache.commons\commons-lang3\3.4\jars\commons-lang3.jar
		tried https://repo1.maven.org/maven2/org/apache/commons/commons-lang3/3.4/commons-lang3-3.4.jar
	found org.apache.commons#commons-lang3;3.4 in public
== resolving dependencies com.typesafe.play#twirl-api_2.10;1.1.1->org.apache.commons#commons-lang3;3.4 [compile->compile(*)]
== resolving dependencies com.typesafe.play#sbt-routes-compiler_2.10;2.4.6->com.typesafe.play#twirl-api_2.10;1.1.1 [compile->runtime(*)]
== resolving dependencies com.typesafe.play#sbt-routes-compiler_2.10;2.4.6->com.typesafe.play#twirl-api_2.10;1.1.1 [compile->compile]
dependency descriptor has been mediated: dependency: org.scala-lang#scala-library;2.10.5 {compile=[compile(*), master(compile)], runtime=[runtime(*)]} => dependency: org.scala-lang#scala-library;2.10.4 {compile=[compile(*), master(compile)], runtime=[runtime(*)]}
== resolving dependencies com.typesafe.play#twirl-api_2.10;1.1.1->org.scala-lang#scala-library;2.10.4 [runtime->runtime(*)]
== resolving dependencies com.typesafe.play#twirl-api_2.10;1.1.1->org.scala-lang#scala-library;2.10.4 [runtime->compile]
== resolving dependencies com.typesafe.play#twirl-api_2.10;1.1.1->org.apache.commons#commons-lang3;3.4 [runtime->runtime(*)]
== resolving dependencies com.typesafe.play#twirl-api_2.10;1.1.1->org.apache.commons#commons-lang3;3.4 [runtime->compile]
== resolving dependencies com.typesafe.play#sbt-routes-compiler_2.10;2.4.6->commons-io#commons-io;2.4 [compile->master(compile)]
[info] Resolving commons-io#commons-io;2.4 ...
Resolving commons-io#commons-io;2.4 ...
sbt-chain: Checking cache for: dependency: commons-io#commons-io;2.4 {compile=[compile(*), master(compile)], runtime=[runtime(*)]}
[info] Resolving commons-io#commons-io;2.4 ...
Resolving commons-io#commons-io;2.4 ...
sbt-chain-delegate: Checking cache for: dependency: commons-io#commons-io;2.4 {compile=[compile(*), master(compile)], runtime=[runtime(*)]}
		tried https://repo.typesafe.com/typesafe/ivy-releases/commons-io/commons-io/2.4/ivys/ivy.xml
CLIENT ERROR: Not Found url=https://repo.typesafe.com/typesafe/ivy-releases/commons-io/commons-io/2.4/ivys/ivy.xml
	typesafe-ivy-releases: no ivy file found for commons-io#commons-io;2.4
		tried https://repo.scala-sbt.org/scalasbt/sbt-plugin-releases/commons-io/commons-io/2.4/ivys/ivy.xml
CLIENT ERROR: Not Found url=https://repo.scala-sbt.org/scalasbt/sbt-plugin-releases/commons-io/commons-io/2.4/ivys/ivy.xml
	sbt-plugin-releases: no ivy file found for commons-io#commons-io;2.4
		tried C:\Users\arisa\.ivy2\local\commons-io\commons-io\2.4\ivys\ivy.xml
	local: no ivy file found for commons-io#commons-io;2.4
		tried https://repo1.maven.org/maven2/commons-io/commons-io/2.4/commons-io-2.4.pom
	public: found md file for commons-io#commons-io;2.4
		=> https://repo1.maven.org/maven2/commons-io/commons-io/2.4/commons-io-2.4.pom (2.4)
downloading https://repo1.maven.org/maven2/commons-io/commons-io/2.4/commons-io-2.4.pom ...
	public: downloading https://repo1.maven.org/maven2/commons-io/commons-io/2.4/commons-io-2.4.pom
	public: downloading https://repo1.maven.org/maven2/commons-io/commons-io/2.4/commons-io-2.4.pom.sha1
sha1 OK for https://repo1.maven.org/maven2/commons-io/commons-io/2.4/commons-io-2.4.pom
	[SUCCESSFUL ] commons-io#commons-io;2.4!commons-io.pom(pom.original) (671ms)
[info] Resolving org.apache.commons#commons-parent;25 ...
Resolving org.apache.commons#commons-parent;25 ...
sbt-chain: Checking cache for: dependency: org.apache.commons#commons-parent;25 {}
[info] Resolving org.apache.commons#commons-parent;25 ...
Resolving org.apache.commons#commons-parent;25 ...
sbt-chain-delegate: Checking cache for: dependency: org.apache.commons#commons-parent;25 {}
		tried https://repo.typesafe.com/typesafe/ivy-releases/org.apache.commons/commons-parent/25/ivys/ivy.xml
CLIENT ERROR: Not Found url=https://repo.typesafe.com/typesafe/ivy-releases/org.apache.commons/commons-parent/25/ivys/ivy.xml
	typesafe-ivy-releases: no ivy file found for org.apache.commons#commons-parent;25
		tried https://repo.scala-sbt.org/scalasbt/sbt-plugin-releases/org.apache.commons/commons-parent/25/ivys/ivy.xml
CLIENT ERROR: Not Found url=https://repo.scala-sbt.org/scalasbt/sbt-plugin-releases/org.apache.commons/commons-parent/25/ivys/ivy.xml
	sbt-plugin-releases: no ivy file found for org.apache.commons#commons-parent;25
		tried C:\Users\arisa\.ivy2\local\org.apache.commons\commons-parent\25\ivys\ivy.xml
	local: no ivy file found for org.apache.commons#commons-parent;25
		tried https://repo1.maven.org/maven2/org/apache/commons/commons-parent/25/commons-parent-25.pom
	public: found md file for org.apache.commons#commons-parent;25
		=> https://repo1.maven.org/maven2/org/apache/commons/commons-parent/25/commons-parent-25.pom (25)
downloading https://repo1.maven.org/maven2/org/apache/commons/commons-parent/25/commons-parent-25.pom ...
	public: downloading https://repo1.maven.org/maven2/org/apache/commons/commons-parent/25/commons-parent-25.pom
	public: downloading https://repo1.maven.org/maven2/org/apache/commons/commons-parent/25/commons-parent-25.pom.sha1
sha1 OK for https://repo1.maven.org/maven2/org/apache/commons/commons-parent/25/commons-parent-25.pom
	[SUCCESSFUL ] org.apache.commons#commons-parent;25!commons-parent.pom(pom.original) (746ms)
[info] Resolving org.apache#apache;9 ...
Resolving org.apache#apache;9 ...
sbt-chain: Checking cache for: dependency: org.apache#apache;9 {}
sbt-chain: module revision found in cache: org.apache#apache;9
		tried https://repo.typesafe.com/typesafe/ivy-releases/org.apache.commons/commons-parent/25/jars/commons-parent.jar
CLIENT ERROR: Not Found url=https://repo.typesafe.com/typesafe/ivy-releases/org.apache.commons/commons-parent/25/jars/commons-parent.jar
		tried https://repo.scala-sbt.org/scalasbt/sbt-plugin-releases/org.apache.commons/commons-parent/25/jars/commons-parent.jar
CLIENT ERROR: Not Found url=https://repo.scala-sbt.org/scalasbt/sbt-plugin-releases/org.apache.commons/commons-parent/25/jars/commons-parent.jar
		tried C:\Users\arisa\.ivy2\local\org.apache.commons\commons-parent\25\jars\commons-parent.jar
		tried https://repo1.maven.org/maven2/org/apache/commons/commons-parent/25/commons-parent-25.jar
CLIENT ERROR: Not Found url=https://repo1.maven.org/maven2/org/apache/commons/commons-parent/25/commons-parent-25.jar
		tried http://repo.typesafe.com/typesafe/releases/org/apache/commons/commons-parent/25/commons-parent-25.jar
CLIENT ERROR: Not Found url=http://repo.typesafe.com/typesafe/releases/org/apache/commons/commons-parent/25/commons-parent-25.jar
		tried http://repo.typesafe.com/typesafe/ivy-releases/org.apache.commons/commons-parent/25/jars/commons-parent.jar
CLIENT ERROR: Not Found url=http://repo.typesafe.com/typesafe/ivy-releases/org.apache.commons/commons-parent/25/jars/commons-parent.jar
		tried https://repo.typesafe.com/typesafe/ivy-releases/commons-io/commons-io/2.4/jars/commons-io.jar
CLIENT ERROR: Not Found url=https://repo.typesafe.com/typesafe/ivy-releases/commons-io/commons-io/2.4/jars/commons-io.jar
		tried https://repo.scala-sbt.org/scalasbt/sbt-plugin-releases/commons-io/commons-io/2.4/jars/commons-io.jar
CLIENT ERROR: Not Found url=https://repo.scala-sbt.org/scalasbt/sbt-plugin-releases/commons-io/commons-io/2.4/jars/commons-io.jar
		tried C:\Users\arisa\.ivy2\local\commons-io\commons-io\2.4\jars\commons-io.jar
		tried https://repo1.maven.org/maven2/commons-io/commons-io/2.4/commons-io-2.4.jar
	found commons-io#commons-io;2.4 in public
== resolving dependencies com.typesafe.play#sbt-routes-compiler_2.10;2.4.6->commons-io#commons-io;2.4 [compile->compile(*)]
== resolving dependencies com.typesafe.play#sbt-routes-compiler_2.10;2.4.6->commons-io#commons-io;2.4 [compile->runtime(*)]
== resolving dependencies com.typesafe.play#sbt-routes-compiler_2.10;2.4.6->commons-io#commons-io;2.4 [compile->compile]
== resolving dependencies com.typesafe.play#sbt-routes-compiler_2.10;2.4.6->org.scala-lang#scala-library;2.10.4 [runtime->runtime(*)]
== resolving dependencies com.typesafe.play#sbt-routes-compiler_2.10;2.4.6->org.scala-lang#scala-library;2.10.4 [runtime->compile]
== resolving dependencies com.typesafe.play#sbt-routes-compiler_2.10;2.4.6->com.typesafe.play#twirl-api_2.10;1.1.1 [runtime->runtime(*)]
== resolving dependencies com.typesafe.play#sbt-routes-compiler_2.10;2.4.6->com.typesafe.play#twirl-api_2.10;1.1.1 [runtime->compile]
== resolving dependencies com.typesafe.play#sbt-routes-compiler_2.10;2.4.6->commons-io#commons-io;2.4 [runtime->runtime(*)]
== resolving dependencies com.typesafe.play#sbt-routes-compiler_2.10;2.4.6->commons-io#commons-io;2.4 [runtime->compile]
== resolving dependencies com.typesafe.play#sbt-plugin;2.4.6->com.typesafe.play#sbt-routes-compiler_2.10;2.4.6 [compile->master]
== resolving dependencies com.typesafe.play#sbt-plugin;2.4.6->com.typesafe.play#sbt-run-support_2.10;2.4.6 [compile->default(compile)]
[info] Resolving com.typesafe.play#sbt-run-support_2.10;2.4.6 ...
Resolving com.typesafe.play#sbt-run-support_2.10;2.4.6 ...
sbt-chain: Checking cache for: dependency: com.typesafe.play#sbt-run-support_2.10;2.4.6 {compile=[default(compile)]}
[info] Resolving com.typesafe.play#sbt-run-support_2.10;2.4.6 ...
Resolving com.typesafe.play#sbt-run-support_2.10;2.4.6 ...
sbt-chain-delegate: Checking cache for: dependency: com.typesafe.play#sbt-run-support_2.10;2.4.6 {compile=[default(compile)]}
		tried https://repo.typesafe.com/typesafe/ivy-releases/com.typesafe.play/sbt-run-support_2.10/2.4.6/ivys/ivy.xml
CLIENT ERROR: Not Found url=https://repo.typesafe.com/typesafe/ivy-releases/com.typesafe.play/sbt-run-support_2.10/2.4.6/ivys/ivy.xml
	typesafe-ivy-releases: no ivy file found for com.typesafe.play#sbt-run-support_2.10;2.4.6
		tried https://repo.scala-sbt.org/scalasbt/sbt-plugin-releases/com.typesafe.play/sbt-run-support_2.10/2.4.6/ivys/ivy.xml
CLIENT ERROR: Not Found url=https://repo.scala-sbt.org/scalasbt/sbt-plugin-releases/com.typesafe.play/sbt-run-support_2.10/2.4.6/ivys/ivy.xml
	sbt-plugin-releases: no ivy file found for com.typesafe.play#sbt-run-support_2.10;2.4.6
		tried C:\Users\arisa\.ivy2\local\com.typesafe.play\sbt-run-support_2.10\2.4.6\ivys\ivy.xml
	local: no ivy file found for com.typesafe.play#sbt-run-support_2.10;2.4.6
		tried https://repo1.maven.org/maven2/com/typesafe/play/sbt-run-support_2.10/2.4.6/sbt-run-support_2.10-2.4.6.pom
	public: found md file for com.typesafe.play#sbt-run-support_2.10;2.4.6
		=> https://repo1.maven.org/maven2/com/typesafe/play/sbt-run-support_2.10/2.4.6/sbt-run-support_2.10-2.4.6.pom (2.4.6)
downloading https://repo1.maven.org/maven2/com/typesafe/play/sbt-run-support_2.10/2.4.6/sbt-run-support_2.10-2.4.6.pom ...
	public: downloading https://repo1.maven.org/maven2/com/typesafe/play/sbt-run-support_2.10/2.4.6/sbt-run-support_2.10-2.4.6.pom
	public: downloading https://repo1.maven.org/maven2/com/typesafe/play/sbt-run-support_2.10/2.4.6/sbt-run-support_2.10-2.4.6.pom.sha1
sha1 OK for https://repo1.maven.org/maven2/com/typesafe/play/sbt-run-support_2.10/2.4.6/sbt-run-support_2.10-2.4.6.pom
	[SUCCESSFUL ] com.typesafe.play#sbt-run-support_2.10;2.4.6!sbt-run-support_2.10.pom(pom.original) (569ms)
		tried https://repo.typesafe.com/typesafe/ivy-releases/com.typesafe.play/sbt-run-support_2.10/2.4.6/jars/sbt-run-support_2.10.jar
CLIENT ERROR: Not Found url=https://repo.typesafe.com/typesafe/ivy-releases/com.typesafe.play/sbt-run-support_2.10/2.4.6/jars/sbt-run-support_2.10.jar
		tried https://repo.scala-sbt.org/scalasbt/sbt-plugin-releases/com.typesafe.play/sbt-run-support_2.10/2.4.6/jars/sbt-run-support_2.10.jar
CLIENT ERROR: Not Found url=https://repo.scala-sbt.org/scalasbt/sbt-plugin-releases/com.typesafe.play/sbt-run-support_2.10/2.4.6/jars/sbt-run-support_2.10.jar
		tried C:\Users\arisa\.ivy2\local\com.typesafe.play\sbt-run-support_2.10\2.4.6\jars\sbt-run-support_2.10.jar
		tried https://repo1.maven.org/maven2/com/typesafe/play/sbt-run-support_2.10/2.4.6/sbt-run-support_2.10-2.4.6.jar
	found com.typesafe.play#sbt-run-support_2.10;2.4.6 in public
== resolving dependencies com.typesafe.play#sbt-plugin;2.4.6->com.typesafe.play#sbt-run-support_2.10;2.4.6 [compile->runtime]
== resolving dependencies com.typesafe.play#sbt-plugin;2.4.6->com.typesafe.play#sbt-run-support_2.10;2.4.6 [compile->compile]
== resolving dependencies com.typesafe.play#sbt-run-support_2.10;2.4.6->org.scala-lang#scala-library;2.10.4 [compile->master(compile)]
== resolving dependencies com.typesafe.play#sbt-run-support_2.10;2.4.6->org.scala-lang#scala-library;2.10.4 [compile->compile(*)]
== resolving dependencies com.typesafe.play#sbt-run-support_2.10;2.4.6->com.typesafe.play#build-link;2.4.6 [compile->master(compile)]
[info] Resolving com.typesafe.play#build-link;2.4.6 ...
Resolving com.typesafe.play#build-link;2.4.6 ...
sbt-chain: Checking cache for: dependency: com.typesafe.play#build-link;2.4.6 {compile=[compile(*), master(compile)], runtime=[runtime(*)]}
[info] Resolving com.typesafe.play#build-link;2.4.6 ...
Resolving com.typesafe.play#build-link;2.4.6 ...
sbt-chain-delegate: Checking cache for: dependency: com.typesafe.play#build-link;2.4.6 {compile=[compile(*), master(compile)], runtime=[runtime(*)]}
		tried https://repo.typesafe.com/typesafe/ivy-releases/com.typesafe.play/build-link/2.4.6/ivys/ivy.xml
CLIENT ERROR: Not Found url=https://repo.typesafe.com/typesafe/ivy-releases/com.typesafe.play/build-link/2.4.6/ivys/ivy.xml
	typesafe-ivy-releases: no ivy file found for com.typesafe.play#build-link;2.4.6
		tried https://repo.scala-sbt.org/scalasbt/sbt-plugin-releases/com.typesafe.play/build-link/2.4.6/ivys/ivy.xml
CLIENT ERROR: Not Found url=https://repo.scala-sbt.org/scalasbt/sbt-plugin-releases/com.typesafe.play/build-link/2.4.6/ivys/ivy.xml
	sbt-plugin-releases: no ivy file found for com.typesafe.play#build-link;2.4.6
		tried C:\Users\arisa\.ivy2\local\com.typesafe.play\build-link\2.4.6\ivys\ivy.xml
	local: no ivy file found for com.typesafe.play#build-link;2.4.6
		tried https://repo1.maven.org/maven2/com/typesafe/play/build-link/2.4.6/build-link-2.4.6.pom
	public: found md file for com.typesafe.play#build-link;2.4.6
		=> https://repo1.maven.org/maven2/com/typesafe/play/build-link/2.4.6/build-link-2.4.6.pom (2.4.6)
downloading https://repo1.maven.org/maven2/com/typesafe/play/build-link/2.4.6/build-link-2.4.6.pom ...
	public: downloading https://repo1.maven.org/maven2/com/typesafe/play/build-link/2.4.6/build-link-2.4.6.pom
	public: downloading https://repo1.maven.org/maven2/com/typesafe/play/build-link/2.4.6/build-link-2.4.6.pom.sha1
sha1 OK for https://repo1.maven.org/maven2/com/typesafe/play/build-link/2.4.6/build-link-2.4.6.pom
	[SUCCESSFUL ] com.typesafe.play#build-link;2.4.6!build-link.pom(pom.original) (579ms)
		tried https://repo.typesafe.com/typesafe/ivy-releases/com.typesafe.play/build-link/2.4.6/jars/build-link.jar
CLIENT ERROR: Not Found url=https://repo.typesafe.com/typesafe/ivy-releases/com.typesafe.play/build-link/2.4.6/jars/build-link.jar
		tried https://repo.scala-sbt.org/scalasbt/sbt-plugin-releases/com.typesafe.play/build-link/2.4.6/jars/build-link.jar
CLIENT ERROR: Not Found url=https://repo.scala-sbt.org/scalasbt/sbt-plugin-releases/com.typesafe.play/build-link/2.4.6/jars/build-link.jar
		tried C:\Users\arisa\.ivy2\local\com.typesafe.play\build-link\2.4.6\jars\build-link.jar
		tried https://repo1.maven.org/maven2/com/typesafe/play/build-link/2.4.6/build-link-2.4.6.jar
	found com.typesafe.play#build-link;2.4.6 in public
== resolving dependencies com.typesafe.play#sbt-run-support_2.10;2.4.6->com.typesafe.play#build-link;2.4.6 [compile->compile(*)]
== resolving dependencies com.typesafe.play#build-link;2.4.6->com.typesafe.play#play-exceptions;2.4.6 [compile->master(compile)]
[info] Resolving com.typesafe.play#play-exceptions;2.4.6 ...
Resolving com.typesafe.play#play-exceptions;2.4.6 ...
sbt-chain: Checking cache for: dependency: com.typesafe.play#play-exceptions;2.4.6 {compile=[compile(*), master(compile)], runtime=[runtime(*)]}
[info] Resolving com.typesafe.play#play-exceptions;2.4.6 ...
Resolving com.typesafe.play#play-exceptions;2.4.6 ...
sbt-chain-delegate: Checking cache for: dependency: com.typesafe.play#play-exceptions;2.4.6 {compile=[compile(*), master(compile)], runtime=[runtime(*)]}
		tried https://repo.typesafe.com/typesafe/ivy-releases/com.typesafe.play/play-exceptions/2.4.6/ivys/ivy.xml
CLIENT ERROR: Not Found url=https://repo.typesafe.com/typesafe/ivy-releases/com.typesafe.play/play-exceptions/2.4.6/ivys/ivy.xml
	typesafe-ivy-releases: no ivy file found for com.typesafe.play#play-exceptions;2.4.6
		tried https://repo.scala-sbt.org/scalasbt/sbt-plugin-releases/com.typesafe.play/play-exceptions/2.4.6/ivys/ivy.xml
CLIENT ERROR: Not Found url=https://repo.scala-sbt.org/scalasbt/sbt-plugin-releases/com.typesafe.play/play-exceptions/2.4.6/ivys/ivy.xml
	sbt-plugin-releases: no ivy file found for com.typesafe.play#play-exceptions;2.4.6
		tried C:\Users\arisa\.ivy2\local\com.typesafe.play\play-exceptions\2.4.6\ivys\ivy.xml
	local: no ivy file found for com.typesafe.play#play-exceptions;2.4.6
		tried https://repo1.maven.org/maven2/com/typesafe/play/play-exceptions/2.4.6/play-exceptions-2.4.6.pom
	public: found md file for com.typesafe.play#play-exceptions;2.4.6
		=> https://repo1.maven.org/maven2/com/typesafe/play/play-exceptions/2.4.6/play-exceptions-2.4.6.pom (2.4.6)
downloading https://repo1.maven.org/maven2/com/typesafe/play/play-exceptions/2.4.6/play-exceptions-2.4.6.pom ...
	public: downloading https://repo1.maven.org/maven2/com/typesafe/play/play-exceptions/2.4.6/play-exceptions-2.4.6.pom
	public: downloading https://repo1.maven.org/maven2/com/typesafe/play/play-exceptions/2.4.6/play-exceptions-2.4.6.pom.sha1
sha1 OK for https://repo1.maven.org/maven2/com/typesafe/play/play-exceptions/2.4.6/play-exceptions-2.4.6.pom
	[SUCCESSFUL ] com.typesafe.play#play-exceptions;2.4.6!play-exceptions.pom(pom.original) (662ms)
		tried https://repo.typesafe.com/typesafe/ivy-releases/com.typesafe.play/play-exceptions/2.4.6/jars/play-exceptions.jar
CLIENT ERROR: Not Found url=https://repo.typesafe.com/typesafe/ivy-releases/com.typesafe.play/play-exceptions/2.4.6/jars/play-exceptions.jar
		tried https://repo.scala-sbt.org/scalasbt/sbt-plugin-releases/com.typesafe.play/play-exceptions/2.4.6/jars/play-exceptions.jar
CLIENT ERROR: Not Found url=https://repo.scala-sbt.org/scalasbt/sbt-plugin-releases/com.typesafe.play/play-exceptions/2.4.6/jars/play-exceptions.jar
		tried C:\Users\arisa\.ivy2\local\com.typesafe.play\play-exceptions\2.4.6\jars\play-exceptions.jar
		tried https://repo1.maven.org/maven2/com/typesafe/play/play-exceptions/2.4.6/play-exceptions-2.4.6.jar
	found com.typesafe.play#play-exceptions;2.4.6 in public
== resolving dependencies com.typesafe.play#build-link;2.4.6->com.typesafe.play#play-exceptions;2.4.6 [compile->compile(*)]
== resolving dependencies com.typesafe.play#build-link;2.4.6->org.javassist#javassist;3.19.0-GA [compile->master(compile)]
[info] Resolving org.javassist#javassist;3.19.0-GA ...
Resolving org.javassist#javassist;3.19.0-GA ...
sbt-chain: Checking cache for: dependency: org.javassist#javassist;3.19.0-GA {compile=[compile(*), master(compile)], runtime=[runtime(*)]}
[info] Resolving org.javassist#javassist;3.19.0-GA ...
Resolving org.javassist#javassist;3.19.0-GA ...
sbt-chain-delegate: Checking cache for: dependency: org.javassist#javassist;3.19.0-GA {compile=[compile(*), master(compile)], runtime=[runtime(*)]}
		tried https://repo.typesafe.com/typesafe/ivy-releases/org.javassist/javassist/3.19.0-GA/ivys/ivy.xml
CLIENT ERROR: Not Found url=https://repo.typesafe.com/typesafe/ivy-releases/org.javassist/javassist/3.19.0-GA/ivys/ivy.xml
	typesafe-ivy-releases: no ivy file found for org.javassist#javassist;3.19.0-GA
		tried https://repo.scala-sbt.org/scalasbt/sbt-plugin-releases/org.javassist/javassist/3.19.0-GA/ivys/ivy.xml
CLIENT ERROR: Not Found url=https://repo.scala-sbt.org/scalasbt/sbt-plugin-releases/org.javassist/javassist/3.19.0-GA/ivys/ivy.xml
	sbt-plugin-releases: no ivy file found for org.javassist#javassist;3.19.0-GA
		tried C:\Users\arisa\.ivy2\local\org.javassist\javassist\3.19.0-GA\ivys\ivy.xml
	local: no ivy file found for org.javassist#javassist;3.19.0-GA
		tried https://repo1.maven.org/maven2/org/javassist/javassist/3.19.0-GA/javassist-3.19.0-GA.pom
	public: found md file for org.javassist#javassist;3.19.0-GA
		=> https://repo1.maven.org/maven2/org/javassist/javassist/3.19.0-GA/javassist-3.19.0-GA.pom (3.19.0-GA)
downloading https://repo1.maven.org/maven2/org/javassist/javassist/3.19.0-GA/javassist-3.19.0-GA.pom ...
	public: downloading https://repo1.maven.org/maven2/org/javassist/javassist/3.19.0-GA/javassist-3.19.0-GA.pom
	public: downloading https://repo1.maven.org/maven2/org/javassist/javassist/3.19.0-GA/javassist-3.19.0-GA.pom.sha1
sha1 OK for https://repo1.maven.org/maven2/org/javassist/javassist/3.19.0-GA/javassist-3.19.0-GA.pom
	[SUCCESSFUL ] org.javassist#javassist;3.19.0-GA!javassist.pom(pom.original) (625ms)
		tried https://repo.typesafe.com/typesafe/ivy-releases/org.javassist/javassist/3.19.0-GA/bundles/javassist.jar
CLIENT ERROR: Not Found url=https://repo.typesafe.com/typesafe/ivy-releases/org.javassist/javassist/3.19.0-GA/bundles/javassist.jar
		tried https://repo.scala-sbt.org/scalasbt/sbt-plugin-releases/org.javassist/javassist/3.19.0-GA/bundles/javassist.jar
CLIENT ERROR: Not Found url=https://repo.scala-sbt.org/scalasbt/sbt-plugin-releases/org.javassist/javassist/3.19.0-GA/bundles/javassist.jar
		tried C:\Users\arisa\.ivy2\local\org.javassist\javassist\3.19.0-GA\bundles\javassist.jar
		tried https://repo1.maven.org/maven2/org/javassist/javassist/3.19.0-GA/javassist-3.19.0-GA.jar
	found org.javassist#javassist;3.19.0-GA in public
== resolving dependencies com.typesafe.play#build-link;2.4.6->org.javassist#javassist;3.19.0-GA [compile->compile(*)]
== resolving dependencies com.typesafe.play#build-link;2.4.6->org.javassist#javassist;3.19.0-GA [compile->default(compile)]
== resolving dependencies com.typesafe.play#build-link;2.4.6->org.javassist#javassist;3.19.0-GA [compile->runtime]
== resolving dependencies com.typesafe.play#build-link;2.4.6->org.javassist#javassist;3.19.0-GA [compile->compile]
== resolving dependencies com.typesafe.play#build-link;2.4.6->org.javassist#javassist;3.19.0-GA [compile->master]
== resolving dependencies com.typesafe.play#sbt-run-support_2.10;2.4.6->com.typesafe.play#build-link;2.4.6 [compile->runtime(*)]
== resolving dependencies com.typesafe.play#sbt-run-support_2.10;2.4.6->com.typesafe.play#build-link;2.4.6 [compile->compile]
== resolving dependencies com.typesafe.play#build-link;2.4.6->com.typesafe.play#play-exceptions;2.4.6 [runtime->runtime(*)]
== resolving dependencies com.typesafe.play#build-link;2.4.6->com.typesafe.play#play-exceptions;2.4.6 [runtime->compile]
== resolving dependencies com.typesafe.play#build-link;2.4.6->org.javassist#javassist;3.19.0-GA [runtime->runtime(*)]
== resolving dependencies com.typesafe.play#build-link;2.4.6->org.javassist#javassist;3.19.0-GA [runtime->compile]
== resolving dependencies com.typesafe.play#sbt-run-support_2.10;2.4.6->org.scala-lang#scala-library;2.10.4 [runtime->runtime(*)]
== resolving dependencies com.typesafe.play#sbt-run-support_2.10;2.4.6->org.scala-lang#scala-library;2.10.4 [runtime->compile]
== resolving dependencies com.typesafe.play#sbt-run-support_2.10;2.4.6->com.typesafe.play#build-link;2.4.6 [runtime->runtime(*)]
== resolving dependencies com.typesafe.play#sbt-run-support_2.10;2.4.6->com.typesafe.play#build-link;2.4.6 [runtime->compile]
== resolving dependencies com.typesafe.play#sbt-plugin;2.4.6->com.typesafe.play#sbt-run-support_2.10;2.4.6 [compile->master]
== resolving dependencies com.typesafe.play#sbt-plugin;2.4.6->com.typesafe#config;1.3.0 [compile->default(compile)]
[info] Resolving com.typesafe#config;1.3.0 ...
Resolving com.typesafe#config;1.3.0 ...
sbt-chain: Checking cache for: dependency: com.typesafe#config;1.3.0 {compile=[default(compile)]}
[info] Resolving com.typesafe#config;1.3.0 ...
Resolving com.typesafe#config;1.3.0 ...
sbt-chain-delegate: Checking cache for: dependency: com.typesafe#config;1.3.0 {compile=[default(compile)]}
		tried https://repo.typesafe.com/typesafe/ivy-releases/com.typesafe/config/1.3.0/ivys/ivy.xml
CLIENT ERROR: Not Found url=https://repo.typesafe.com/typesafe/ivy-releases/com.typesafe/config/1.3.0/ivys/ivy.xml
	typesafe-ivy-releases: no ivy file found for com.typesafe#config;1.3.0
		tried https://repo.scala-sbt.org/scalasbt/sbt-plugin-releases/com.typesafe/config/1.3.0/ivys/ivy.xml
CLIENT ERROR: Not Found url=https://repo.scala-sbt.org/scalasbt/sbt-plugin-releases/com.typesafe/config/1.3.0/ivys/ivy.xml
	sbt-plugin-releases: no ivy file found for com.typesafe#config;1.3.0
		tried C:\Users\arisa\.ivy2\local\com.typesafe\config\1.3.0\ivys\ivy.xml
	local: no ivy file found for com.typesafe#config;1.3.0
		tried https://repo1.maven.org/maven2/com/typesafe/config/1.3.0/config-1.3.0.pom
	public: found md file for com.typesafe#config;1.3.0
		=> https://repo1.maven.org/maven2/com/typesafe/config/1.3.0/config-1.3.0.pom (1.3.0)
downloading https://repo1.maven.org/maven2/com/typesafe/config/1.3.0/config-1.3.0.pom ...
	public: downloading https://repo1.maven.org/maven2/com/typesafe/config/1.3.0/config-1.3.0.pom
	public: downloading https://repo1.maven.org/maven2/com/typesafe/config/1.3.0/config-1.3.0.pom.sha1
sha1 OK for https://repo1.maven.org/maven2/com/typesafe/config/1.3.0/config-1.3.0.pom
	[SUCCESSFUL ] com.typesafe#config;1.3.0!config.pom(pom.original) (568ms)
		tried https://repo.typesafe.com/typesafe/ivy-releases/com.typesafe/config/1.3.0/bundles/config.jar
CLIENT ERROR: Not Found url=https://repo.typesafe.com/typesafe/ivy-releases/com.typesafe/config/1.3.0/bundles/config.jar
		tried https://repo.scala-sbt.org/scalasbt/sbt-plugin-releases/com.typesafe/config/1.3.0/bundles/config.jar
CLIENT ERROR: Not Found url=https://repo.scala-sbt.org/scalasbt/sbt-plugin-releases/com.typesafe/config/1.3.0/bundles/config.jar
		tried C:\Users\arisa\.ivy2\local\com.typesafe\config\1.3.0\bundles\config.jar
		tried https://repo1.maven.org/maven2/com/typesafe/config/1.3.0/config-1.3.0.jar
	found com.typesafe#config;1.3.0 in public
== resolving dependencies com.typesafe.play#sbt-plugin;2.4.6->com.typesafe#config;1.3.0 [compile->runtime]
== resolving dependencies com.typesafe.play#sbt-plugin;2.4.6->com.typesafe#config;1.3.0 [compile->compile]
== resolving dependencies com.typesafe.play#sbt-plugin;2.4.6->com.typesafe#config;1.3.0 [compile->master]
== resolving dependencies com.typesafe.play#sbt-plugin;2.4.6->com.google.guava#guava;18.0 [compile->default(compile)]
[info] Resolving com.google.guava#guava;18.0 ...
Resolving com.google.guava#guava;18.0 ...
sbt-chain: Checking cache for: dependency: com.google.guava#guava;18.0 {compile=[default(compile)]}
[info] Resolving com.google.guava#guava;18.0 ...
Resolving com.google.guava#guava;18.0 ...
sbt-chain-delegate: Checking cache for: dependency: com.google.guava#guava;18.0 {compile=[default(compile)]}
		tried https://repo.typesafe.com/typesafe/ivy-releases/com.google.guava/guava/18.0/ivys/ivy.xml
CLIENT ERROR: Not Found url=https://repo.typesafe.com/typesafe/ivy-releases/com.google.guava/guava/18.0/ivys/ivy.xml
	typesafe-ivy-releases: no ivy file found for com.google.guava#guava;18.0
		tried https://repo.scala-sbt.org/scalasbt/sbt-plugin-releases/com.google.guava/guava/18.0/ivys/ivy.xml
CLIENT ERROR: Not Found url=https://repo.scala-sbt.org/scalasbt/sbt-plugin-releases/com.google.guava/guava/18.0/ivys/ivy.xml
	sbt-plugin-releases: no ivy file found for com.google.guava#guava;18.0
		tried C:\Users\arisa\.ivy2\local\com.google.guava\guava\18.0\ivys\ivy.xml
	local: no ivy file found for com.google.guava#guava;18.0
		tried https://repo1.maven.org/maven2/com/google/guava/guava/18.0/guava-18.0.pom
	public: found md file for com.google.guava#guava;18.0
		=> https://repo1.maven.org/maven2/com/google/guava/guava/18.0/guava-18.0.pom (18.0)
downloading https://repo1.maven.org/maven2/com/google/guava/guava/18.0/guava-18.0.pom ...
	public: downloading https://repo1.maven.org/maven2/com/google/guava/guava/18.0/guava-18.0.pom
	public: downloading https://repo1.maven.org/maven2/com/google/guava/guava/18.0/guava-18.0.pom.sha1
sha1 OK for https://repo1.maven.org/maven2/com/google/guava/guava/18.0/guava-18.0.pom
	[SUCCESSFUL ] com.google.guava#guava;18.0!guava.pom(pom.original) (578ms)
[info] Resolving com.google.guava#guava-parent;18.0 ...
Resolving com.google.guava#guava-parent;18.0 ...
sbt-chain: Checking cache for: dependency: com.google.guava#guava-parent;18.0 {}
[info] Resolving com.google.guava#guava-parent;18.0 ...
Resolving com.google.guava#guava-parent;18.0 ...
sbt-chain-delegate: Checking cache for: dependency: com.google.guava#guava-parent;18.0 {}
		tried https://repo.typesafe.com/typesafe/ivy-releases/com.google.guava/guava-parent/18.0/ivys/ivy.xml
CLIENT ERROR: Not Found url=https://repo.typesafe.com/typesafe/ivy-releases/com.google.guava/guava-parent/18.0/ivys/ivy.xml
	typesafe-ivy-releases: no ivy file found for com.google.guava#guava-parent;18.0
		tried https://repo.scala-sbt.org/scalasbt/sbt-plugin-releases/com.google.guava/guava-parent/18.0/ivys/ivy.xml
CLIENT ERROR: Not Found url=https://repo.scala-sbt.org/scalasbt/sbt-plugin-releases/com.google.guava/guava-parent/18.0/ivys/ivy.xml
	sbt-plugin-releases: no ivy file found for com.google.guava#guava-parent;18.0
		tried C:\Users\arisa\.ivy2\local\com.google.guava\guava-parent\18.0\ivys\ivy.xml
	local: no ivy file found for com.google.guava#guava-parent;18.0
		tried https://repo1.maven.org/maven2/com/google/guava/guava-parent/18.0/guava-parent-18.0.pom
	public: found md file for com.google.guava#guava-parent;18.0
		=> https://repo1.maven.org/maven2/com/google/guava/guava-parent/18.0/guava-parent-18.0.pom (18.0)
downloading https://repo1.maven.org/maven2/com/google/guava/guava-parent/18.0/guava-parent-18.0.pom ...
	public: downloading https://repo1.maven.org/maven2/com/google/guava/guava-parent/18.0/guava-parent-18.0.pom
	public: downloading https://repo1.maven.org/maven2/com/google/guava/guava-parent/18.0/guava-parent-18.0.pom.sha1
sha1 OK for https://repo1.maven.org/maven2/com/google/guava/guava-parent/18.0/guava-parent-18.0.pom
	[SUCCESSFUL ] com.google.guava#guava-parent;18.0!guava-parent.pom(pom.original) (569ms)
[info] Resolving org.sonatype.oss#oss-parent;7 ...
Resolving org.sonatype.oss#oss-parent;7 ...
sbt-chain: Checking cache for: dependency: org.sonatype.oss#oss-parent;7 {}
sbt-chain: module revision found in cache: org.sonatype.oss#oss-parent;7
		tried https://repo.typesafe.com/typesafe/ivy-releases/com.google.guava/guava-parent/18.0/jars/guava-parent.jar
CLIENT ERROR: Not Found url=https://repo.typesafe.com/typesafe/ivy-releases/com.google.guava/guava-parent/18.0/jars/guava-parent.jar
		tried https://repo.scala-sbt.org/scalasbt/sbt-plugin-releases/com.google.guava/guava-parent/18.0/jars/guava-parent.jar
CLIENT ERROR: Not Found url=https://repo.scala-sbt.org/scalasbt/sbt-plugin-releases/com.google.guava/guava-parent/18.0/jars/guava-parent.jar
		tried C:\Users\arisa\.ivy2\local\com.google.guava\guava-parent\18.0\jars\guava-parent.jar
		tried https://repo1.maven.org/maven2/com/google/guava/guava-parent/18.0/guava-parent-18.0.jar
CLIENT ERROR: Not Found url=https://repo1.maven.org/maven2/com/google/guava/guava-parent/18.0/guava-parent-18.0.jar
		tried http://repo.typesafe.com/typesafe/releases/com/google/guava/guava-parent/18.0/guava-parent-18.0.jar
CLIENT ERROR: Not Found url=http://repo.typesafe.com/typesafe/releases/com/google/guava/guava-parent/18.0/guava-parent-18.0.jar
		tried http://repo.typesafe.com/typesafe/ivy-releases/com.google.guava/guava-parent/18.0/jars/guava-parent.jar
CLIENT ERROR: Not Found url=http://repo.typesafe.com/typesafe/ivy-releases/com.google.guava/guava-parent/18.0/jars/guava-parent.jar
		tried https://repo.typesafe.com/typesafe/ivy-releases/com.google.guava/guava/18.0/bundles/guava.jar
CLIENT ERROR: Not Found url=https://repo.typesafe.com/typesafe/ivy-releases/com.google.guava/guava/18.0/bundles/guava.jar
		tried https://repo.scala-sbt.org/scalasbt/sbt-plugin-releases/com.google.guava/guava/18.0/bundles/guava.jar
CLIENT ERROR: Not Found url=https://repo.scala-sbt.org/scalasbt/sbt-plugin-releases/com.google.guava/guava/18.0/bundles/guava.jar
		tried C:\Users\arisa\.ivy2\local\com.google.guava\guava\18.0\bundles\guava.jar
		tried https://repo1.maven.org/maven2/com/google/guava/guava/18.0/guava-18.0.jar
	found com.google.guava#guava;18.0 in public
== resolving dependencies com.typesafe.play#sbt-plugin;2.4.6->com.google.guava#guava;18.0 [compile->runtime]
== resolving dependencies com.typesafe.play#sbt-plugin;2.4.6->com.google.guava#guava;18.0 [compile->compile]
== resolving dependencies com.typesafe.play#sbt-plugin;2.4.6->com.google.guava#guava;18.0 [compile->master]
== resolving dependencies com.typesafe.play#sbt-plugin;2.4.6->com.h2database#h2;1.4.187 [compile->default(compile)]
[info] Resolving com.h2database#h2;1.4.187 ...
Resolving com.h2database#h2;1.4.187 ...
sbt-chain: Checking cache for: dependency: com.h2database#h2;1.4.187 {compile=[default(compile)]}
[info] Resolving com.h2database#h2;1.4.187 ...
Resolving com.h2database#h2;1.4.187 ...
sbt-chain-delegate: Checking cache for: dependency: com.h2database#h2;1.4.187 {compile=[default(compile)]}
		tried https://repo.typesafe.com/typesafe/ivy-releases/com.h2database/h2/1.4.187/ivys/ivy.xml
CLIENT ERROR: Not Found url=https://repo.typesafe.com/typesafe/ivy-releases/com.h2database/h2/1.4.187/ivys/ivy.xml
	typesafe-ivy-releases: no ivy file found for com.h2database#h2;1.4.187
		tried https://repo.scala-sbt.org/scalasbt/sbt-plugin-releases/com.h2database/h2/1.4.187/ivys/ivy.xml
CLIENT ERROR: Not Found url=https://repo.scala-sbt.org/scalasbt/sbt-plugin-releases/com.h2database/h2/1.4.187/ivys/ivy.xml
	sbt-plugin-releases: no ivy file found for com.h2database#h2;1.4.187
		tried C:\Users\arisa\.ivy2\local\com.h2database\h2\1.4.187\ivys\ivy.xml
	local: no ivy file found for com.h2database#h2;1.4.187
		tried https://repo1.maven.org/maven2/com/h2database/h2/1.4.187/h2-1.4.187.pom
	public: found md file for com.h2database#h2;1.4.187
		=> https://repo1.maven.org/maven2/com/h2database/h2/1.4.187/h2-1.4.187.pom (1.4.187)
downloading https://repo1.maven.org/maven2/com/h2database/h2/1.4.187/h2-1.4.187.pom ...
	public: downloading https://repo1.maven.org/maven2/com/h2database/h2/1.4.187/h2-1.4.187.pom
	public: downloading https://repo1.maven.org/maven2/com/h2database/h2/1.4.187/h2-1.4.187.pom.sha1
sha1 OK for https://repo1.maven.org/maven2/com/h2database/h2/1.4.187/h2-1.4.187.pom
	[SUCCESSFUL ] com.h2database#h2;1.4.187!h2.pom(pom.original) (581ms)
		tried https://repo.typesafe.com/typesafe/ivy-releases/com.h2database/h2/1.4.187/jars/h2.jar
CLIENT ERROR: Not Found url=https://repo.typesafe.com/typesafe/ivy-releases/com.h2database/h2/1.4.187/jars/h2.jar
		tried https://repo.scala-sbt.org/scalasbt/sbt-plugin-releases/com.h2database/h2/1.4.187/jars/h2.jar
